{
  "RSpec": {
    "coverage": {
      "/Users/gilani/Sandbox/blackmail-api/app/controllers/hello_controller.rb": [
        null,
        1,
        1,
        1,
        null,
        null
      ],
      "/Users/gilani/Sandbox/blackmail-api/app/controllers/application_controller.rb": [
        null,
        1,
        1,
        null
      ],
      "/Users/gilani/Sandbox/blackmail-api/app/channels/application_cable/channel.rb": [
        0,
        0,
        0,
        0,
        0
      ],
      "/Users/gilani/Sandbox/blackmail-api/app/channels/application_cable/connection.rb": [
        0,
        0,
        0,
        0,
        0
      ],
      "/Users/gilani/Sandbox/blackmail-api/app/jobs/application_job.rb": [
        0,
        0,
        0
      ],
      "/Users/gilani/Sandbox/blackmail-api/app/mailers/application_mailer.rb": [
        0,
        0,
        0,
        0,
        0
      ],
      "/Users/gilani/Sandbox/blackmail-api/app/models/application_record.rb": [
        0,
        0,
        0,
        0
      ],
      "/Users/gilani/Sandbox/blackmail-api/app/models/organization.rb": [
        0,
        0,
        0,
        0,
        0,
        0,
        0,
        0,
        0,
        0,
        0,
        0,
        0,
        0,
        0,
        0,
        0,
        0,
        0,
        0,
        0,
        0,
        0,
        0,
        0,
        0,
        0,
        0,
        0,
        0,
        0,
        0,
        0
      ],
      "/Users/gilani/Sandbox/blackmail-api/app/models/report.rb": [
        0,
        0,
        0,
        0,
        0,
        0,
        0,
        0,
        0,
        0,
        0,
        0,
        0,
        0,
        0,
        0,
        0,
        0,
        0,
        0,
        0,
        0,
        0,
        0,
        0,
        0,
        0,
        0,
        0,
        0,
        0,
        0,
        0,
        0,
        0,
        0,
        0,
        0,
        0,
        0,
        0,
        0,
        0
      ],
      "/Users/gilani/Sandbox/blackmail-api/app/models/user.rb": [
        0,
        0,
        0,
        0,
        0,
        0,
        0,
        0,
        0,
        0,
        0,
        0,
        0,
        0,
        0,
        0,
        0,
        0,
        0,
        0,
        0,
        0,
        0,
        0,
        0,
        0,
        0,
        0,
        0,
        0,
        0,
        0,
        0,
        0,
        0,
        0,
        0,
        0,
        0,
        0,
        0,
        0,
        0,
        0,
        0,
        0,
        0,
        0,
        0,
        0
      ],
      "/Users/gilani/Sandbox/blackmail-api/app/policies/application_policy.rb": [
        0,
        0,
        0,
        0,
        0,
        0,
        0,
        0,
        0,
        0,
        0,
        0,
        0,
        0,
        0,
        0,
        0,
        0,
        0,
        0,
        0,
        0,
        0,
        0,
        0,
        0,
        0,
        0,
        0,
        0,
        0,
        0,
        0,
        0,
        0,
        0,
        0,
        0,
        0,
        0,
        0,
        0,
        0,
        0,
        0,
        0,
        0,
        0,
        0,
        0,
        0,
        0,
        0,
        0
      ]
    },
    "timestamp": 1486174584
  }
}
